  billboard.cpp
  block.cpp
  bullet.cpp
  camera.cpp
  clear.cpp
  clearfirst.cpp
  clearsecond.cpp
  deadblock.cpp
  deadblockhighspeed.cpp
  fade.cpp
  game.cpp
  gameover.cpp
  goal.cpp
  goalblock.cpp
  lastblock.cpp
  main.cpp
  pause.cpp
  player.cpp
  result.cpp
  resultfirst.cpp
  コードを生成中...
  コンパイル中...
  resultsecond.cpp
  resultthird.cpp
  shadow.cpp
  stage1.cpp
  stage2.cpp
  stage3.cpp
  stage4.cpp
  title.cpp
  titlefirst.cpp
  titlesecond.cpp
  titlethird.cpp
  tutorial.cpp
  wall.cpp
  コードを生成中...
  3D_GAME.vcxproj -> C:\Users\student\Desktop\3D_GAME\Debug\3D_GAME.exe
