c:\users\student\desktop\3d_game\debug\vc142.pdb
c:\users\student\desktop\3d_game\debug\vc142.idb
c:\users\student\desktop\3d_game\debug\player.obj
c:\users\student\desktop\3d_game\debug\pause.obj
c:\users\student\desktop\3d_game\debug\game.obj
c:\users\student\desktop\3d_game\debug\block.obj
c:\users\student\desktop\3d_game\debug\tutorial.obj
c:\users\student\desktop\3d_game\debug\title.obj
c:\users\student\desktop\3d_game\debug\result.obj
c:\users\student\desktop\3d_game\debug\main.obj
c:\users\student\desktop\3d_game\debug\gameover.obj
c:\users\student\desktop\3d_game\debug\fade.obj
c:\users\student\desktop\3d_game\debug\clear.obj
c:\users\student\desktop\3d_game\debug\camera.obj
c:\users\student\desktop\3d_game\debug\meshfield.obj
c:\users\student\desktop\3d_game\debug\billboard.obj
c:\users\student\desktop\3d_game\debug\meshwall.obj
c:\users\student\desktop\3d_game\debug\wall.obj
c:\users\student\desktop\3d_game\debug\bullet.obj
c:\users\student\desktop\3d_game\debug\polygon.obj
c:\users\student\desktop\3d_game\debug\model.obj
c:\users\student\desktop\3d_game\debug\light.obj
c:\users\student\desktop\3d_game\debug\input.obj
c:\users\student\desktop\3d_game\debug\explosion.obj
c:\users\student\desktop\3d_game\debug\column.obj
c:\users\student\desktop\3d_game\debug\sound.obj
c:\users\student\desktop\3d_game\debug\shadow.obj
c:\users\student\desktop\3d_game\debug\deadblock.obj
c:\users\student\desktop\3d_game\debug\3d_game.exe
c:\users\student\desktop\3d_game\debug\3d_game.ilk
c:\users\student\desktop\3d_game\debug\3d_game.pdb
c:\users\student\desktop\3d_game\debug\background.obj
c:\users\student\desktop\3d_game\debug\3d_game.tlog\cl.command.1.tlog
c:\users\student\desktop\3d_game\debug\3d_game.tlog\cl.read.1.tlog
c:\users\student\desktop\3d_game\debug\3d_game.tlog\cl.write.1.tlog
c:\users\student\desktop\3d_game\debug\3d_game.tlog\link.command.1.tlog
c:\users\student\desktop\3d_game\debug\3d_game.tlog\link.read.1.tlog
c:\users\student\desktop\3d_game\debug\3d_game.tlog\link.write.1.tlog
