  billboard.cpp
  block.cpp
  bullet.cpp
  camera.cpp
  clear.cpp
  column.cpp
  deadblock.cpp
  deadblockhighspeed.cpp
  explosion.cpp
  fade.cpp
  game.cpp
  gameover.cpp
  goal.cpp
  goalblock.cpp
  input.cpp
  lastblock.cpp
  light.cpp
  main.cpp
  meshfield.cpp
  meshwall.cpp
  コンパイル中...
  model.cpp
  pause.cpp
  player.cpp
  polygon.cpp
  result.cpp
  shadow.cpp
  sound.cpp
  stage1.cpp
  stage2.cpp
  title.cpp
  tutorial.cpp
  wall.cpp
  コード生成しています。
  Previous IPDB and IOBJ mismatch, fall back to full compilation.
  All 170 functions were compiled because no usable IPDB/IOBJ from previous compilation was found.
  コード生成が終了しました。
  3D_GAME.vcxproj -> C:\Users\student\Desktop\3D_GAME\Release\3D_GAME.exe
